2022-03-24T16:49:16.703Z : [info] : Printing process env attributes : localhost, ecommerce, postgres, postgres,  postgres
2022-03-24T16:49:16.705Z : [info] : Connecting to DB...
2022-03-24T16:49:16.866Z : [info] : ecommerce connected.
2022-03-24T17:51:20.818Z : [info] : Printing process env attributes : localhost, ecommerce, postgres, postgres,  postgres
2022-03-24T17:51:20.819Z : [info] : Connecting to DB...
2022-03-24T17:51:21.125Z : [info] : ecommerce connected.
2022-03-24T17:54:30.974Z : [info] : Printing process env attributes : localhost, ecommerce, postgres, postgres,  postgres
2022-03-24T17:54:30.975Z : [info] : Connecting to DB...
2022-03-24T17:54:31.047Z : [info] : ecommerce connected.
2022-03-24T18:08:11.100Z : [info] : Printing process env attributes : localhost, ecommerce, postgres, postgres,  postgres
2022-03-24T18:08:11.101Z : [info] : Connecting to DB...
2022-03-24T18:08:11.190Z : [info] : ecommerce connected.
2022-03-24T18:08:54.393Z : [info] : Printing process env attributes : localhost, ecommerce, postgres, postgres,  postgres
2022-03-24T18:08:54.393Z : [info] : Connecting to DB...
2022-03-24T18:08:54.466Z : [info] : ecommerce connected.
2022-03-25T06:31:48.919Z : [info] : Printing process env attributes : localhost, ecommerce, postgres, postgres,  postgres
2022-03-25T06:31:48.922Z : [info] : Connecting to DB...
2022-03-25T06:31:50.035Z : [info] : ecommerce connected.
2022-03-25T06:34:41.280Z : [info] : Printing process env attributes : localhost, ecommerce, postgres, postgres,  postgres
2022-03-25T06:34:41.282Z : [info] : Connecting to DB...
2022-03-25T06:34:41.472Z : [info] : ecommerce connected.
2022-03-25T06:37:02.273Z : [info] : Printing process env attributes : localhost, ecommerce, postgres, postgres,  postgres
2022-03-25T06:37:02.275Z : [info] : Connecting to DB...
2022-03-25T06:37:02.513Z : [info] : ecommerce connected.
2022-03-25T06:40:23.126Z : [info] : Printing process env attributes : localhost, ecommerce, postgres, postgres,  postgres
2022-03-25T06:40:23.127Z : [info] : Connecting to DB...
2022-03-25T06:40:23.268Z : [info] : ecommerce connected.
2022-03-25T06:40:53.817Z : [info] : Printing process env attributes : localhost, ecommerce, postgres, postgres,  postgres
2022-03-25T06:40:53.819Z : [info] : Connecting to DB...
2022-03-25T06:40:54.003Z : [info] : ecommerce connected.
2022-03-25T06:40:56.396Z : [info] : user data inserted: {"firstName":"bhavna","lastName":"tahelyani","mobileNumber":"9016108187","admin":1,"password":"pass","email":"bhavnatahlyani288@gmail.com","createBy":1,"createByIP":"192.168.23.65"}
2022-03-25T06:41:21.134Z : [info] : Printing process env attributes : localhost, ecommerce, postgres, postgres,  postgres
2022-03-25T06:41:21.136Z : [info] : Connecting to DB...
2022-03-25T06:41:21.255Z : [info] : ecommerce connected.
2022-03-25T06:41:24.129Z : [info] : user data inserted: {"firstName":"bhavna","lastName":"tahelyani","mobileNumber":"9016108187","admin":1,"password":"pass","email":"bhavnatahlyani288@gmail.com","createBy":1,"createByIP":"192.168.23.65"}
2022-03-25T15:36:49.098Z : [info] : Printing process env attributes : localhost, ecommerce, postgres, postgres,  postgres
2022-03-25T15:36:49.099Z : [info] : Connecting to DB...
2022-03-25T15:36:49.308Z : [info] : ecommerce connected.
2022-03-25T15:37:11.557Z : [info] : Printing process env attributes : localhost, ecommerce, postgres, postgres,  postgres
2022-03-25T15:37:11.558Z : [info] : Connecting to DB...
2022-03-25T15:37:11.647Z : [info] : ecommerce connected.
2022-03-25T15:38:12.103Z : [info] : Printing process env attributes : localhost, ecommerce, postgres, postgres,  postgres
2022-03-25T15:38:12.104Z : [info] : Connecting to DB...
2022-03-25T15:38:12.171Z : [info] : ecommerce connected.
2022-03-25T15:38:45.387Z : [info] : Printing process env attributes : localhost, ecommerce, postgres, postgres,  postgres
2022-03-25T15:38:45.388Z : [info] : Connecting to DB...
2022-03-25T15:38:45.452Z : [info] : ecommerce connected.
2022-03-25T15:39:02.624Z : [info] : Printing process env attributes : localhost, ecommerce, postgres, postgres,  postgres
2022-03-25T15:39:02.625Z : [info] : Connecting to DB...
2022-03-25T15:39:02.695Z : [info] : ecommerce connected.
2022-03-25T15:39:44.239Z : [info] : Printing process env attributes : localhost, ecommerce, postgres, postgres,  postgres
2022-03-25T15:39:44.240Z : [info] : Connecting to DB...
2022-03-25T15:39:44.322Z : [info] : ecommerce connected.
2022-03-25T15:40:16.670Z : [info] : Printing process env attributes : localhost, ecommerce, postgres, postgres,  postgres
2022-03-25T15:40:16.671Z : [info] : Connecting to DB...
2022-03-25T15:40:16.737Z : [info] : ecommerce connected.
2022-03-25T15:40:35.734Z : [info] : user data inserted: {"firstName":"bhavna","lastName":"tahelyani","mobileNumber":"9016108187","admin":1,"password":"pass","email":"bhavnatahlyani288@gmail.com","createByIP":"192.168.23.65"}
2022-03-25T15:41:56.737Z : [info] : Printing process env attributes : localhost, ecommerce, postgres, postgres,  postgres
2022-03-25T15:41:56.738Z : [info] : Connecting to DB...
2022-03-25T15:41:56.805Z : [info] : ecommerce connected.
2022-03-25T15:41:59.549Z : [info] : User get data [{"userID":1,"firstName":"bhavna","lastName":"tahelyani","mobileNumber":"9016108187","admin":"1","password":"pass","email":"bhavnatahlyani288@gmail.com","status":1,"createByIP":"192.168.23.65","updateByIP":null,"createdAt":"2022-03-25T15:40:35.638Z","updatedAt":"2022-03-25T15:40:35.638Z"}] 
2022-03-25T15:42:29.302Z : [info] : Printing process env attributes : localhost, ecommerce, postgres, postgres,  postgres
2022-03-25T15:42:29.303Z : [info] : Connecting to DB...
2022-03-25T15:42:29.377Z : [info] : ecommerce connected.
2022-03-25T15:42:38.622Z : [info] : Printing process env attributes : localhost, ecommerce, postgres, postgres,  postgres
2022-03-25T15:42:38.623Z : [info] : Connecting to DB...
2022-03-25T15:42:38.719Z : [info] : ecommerce connected.
2022-03-25T15:43:05.186Z : [info] : Printing process env attributes : localhost, ecommerce, postgres, postgres,  postgres
2022-03-25T15:43:05.187Z : [info] : Connecting to DB...
2022-03-25T15:43:05.254Z : [info] : ecommerce connected.
2022-03-25T15:43:32.220Z : [info] : Printing process env attributes : localhost, ecommerce, postgres, postgres,  postgres
2022-03-25T15:43:32.221Z : [info] : Connecting to DB...
2022-03-25T15:43:32.288Z : [info] : ecommerce connected.
2022-03-25T15:43:41.994Z : [info] : Printing process env attributes : localhost, ecommerce, postgres, postgres,  postgres
2022-03-25T15:43:41.995Z : [info] : Connecting to DB...
2022-03-25T15:43:42.086Z : [info] : ecommerce connected.
2022-03-25T15:43:48.382Z : [info] : Printing process env attributes : localhost, ecommerce, postgres, postgres,  postgres
2022-03-25T15:43:48.383Z : [info] : Connecting to DB...
2022-03-25T15:43:48.454Z : [info] : ecommerce connected.
2022-03-25T15:48:12.981Z : [info] : Printing process env attributes : localhost, ecommerce, postgres, postgres,  postgres
2022-03-25T15:48:12.982Z : [info] : Connecting to DB...
2022-03-25T15:48:13.060Z : [info] : ecommerce connected.
2022-03-25T15:48:32.200Z : [info] : Printing process env attributes : localhost, ecommerce, postgres, postgres,  postgres
2022-03-25T15:48:32.201Z : [info] : Connecting to DB...
2022-03-25T15:48:32.273Z : [info] : ecommerce connected.
2022-03-25T15:48:57.707Z : [info] : user data inserted: {"firstName":"bhavna","lastName":"tahelyani","mobileNumber":"9016108187","admin":1,"password":"pass","email":"bhavnatahlyani288@gmail.com","createByIp":"192.168.23.65"}
2022-03-25T15:49:04.024Z : [info] : User get data [{"userId":1,"firstName":"bhavna","lastName":"tahelyani","mobileNumber":"9016108187","admin":"1","password":"pass","email":"bhavnatahlyani288@gmail.com","status":1,"createByIp":"192.168.23.65","updateByIp":null,"createdAt":"2022-03-25T15:48:57.514Z","updatedAt":"2022-03-25T15:48:57.514Z"}] 
2022-03-25T15:50:10.554Z : [info] : Printing process env attributes : localhost, ecommerce, postgres, postgres,  postgres
2022-03-25T15:50:10.554Z : [info] : Connecting to DB...
2022-03-25T15:50:10.622Z : [info] : ecommerce connected.
2022-03-25T15:50:13.119Z : [info] : User get data by id 1 results: [{"userId":1,"firstName":"bhavna","lastName":"tahelyani","mobileNumber":"9016108187","admin":"1","password":"pass","email":"bhavnatahlyani288@gmail.com","status":1,"createByIp":"192.168.23.65","updateByIp":null,"createdAt":"2022-03-25T15:48:57.514Z","updatedAt":"2022-03-25T15:48:57.514Z"}] 
2022-03-25T15:50:20.026Z : [info] : User get data by id 2 results: [] 
2022-03-25T15:50:39.755Z : [info] : Printing process env attributes : localhost, ecommerce, postgres, postgres,  postgres
2022-03-25T15:50:39.756Z : [info] : Connecting to DB...
2022-03-25T15:50:39.822Z : [info] : ecommerce connected.
2022-03-25T15:50:41.874Z : [info] : User get data by id 2 results: null 
2022-03-25T15:53:55.094Z : [info] : Printing process env attributes : localhost, ecommerce, postgres, postgres,  postgres
2022-03-25T15:53:55.095Z : [info] : Connecting to DB...
2022-03-25T15:53:55.171Z : [info] : ecommerce connected.
2022-03-25T15:54:16.609Z : [info] : Printing process env attributes : localhost, ecommerce, postgres, postgres,  postgres
2022-03-25T15:54:16.610Z : [info] : Connecting to DB...
2022-03-25T15:54:16.805Z : [info] : ecommerce connected.
2022-03-25T15:54:38.763Z : [info] : Printing process env attributes : localhost, ecommerce, postgres, postgres,  postgres
2022-03-25T15:54:38.764Z : [info] : Connecting to DB...
2022-03-25T15:54:38.828Z : [info] : ecommerce connected.
2022-03-25T15:55:10.732Z : [info] : Printing process env attributes : localhost, ecommerce, postgres, postgres,  postgres
2022-03-25T15:55:10.733Z : [info] : Connecting to DB...
2022-03-25T15:55:10.798Z : [info] : ecommerce connected.
2022-03-25T15:55:14.119Z : [info] : user data updated status: [1] for userid 1
2022-03-25T15:55:29.214Z : [info] : Printing process env attributes : localhost, ecommerce, postgres, postgres,  postgres
2022-03-25T15:55:29.215Z : [info] : Connecting to DB...
2022-03-25T15:55:29.300Z : [info] : ecommerce connected.
2022-03-25T15:55:32.334Z : [info] : user data updated status: [1] for userid 1
2022-03-25T15:55:39.436Z : [info] : Printing process env attributes : localhost, ecommerce, postgres, postgres,  postgres
2022-03-25T15:55:39.436Z : [info] : Connecting to DB...
2022-03-25T15:55:39.516Z : [info] : ecommerce connected.
2022-03-25T15:55:41.522Z : [info] : user data updated status: [1] for userid 1
2022-03-25T15:59:59.245Z : [info] : Printing process env attributes : localhost, ecommerce, postgres, postgres,  postgres
2022-03-25T15:59:59.246Z : [info] : Connecting to DB...
2022-03-25T15:59:59.313Z : [info] : ecommerce connected.
2022-03-25T16:00:17.275Z : [info] : Printing process env attributes : localhost, ecommerce, postgres, postgres,  postgres
2022-03-25T16:00:17.276Z : [info] : Connecting to DB...
2022-03-25T16:00:17.340Z : [info] : ecommerce connected.
2022-03-25T16:00:20.110Z : [info] : user deleted by id 1 delete status: 1
2022-03-25T16:00:23.945Z : [info] : User get data by id 2 results: null 
2022-03-25T16:00:26.496Z : [info] : User get data by id 1 results: null 
2022-03-25T16:00:30.295Z : [info] : User get data [] 
2022-03-25T16:03:54.256Z : [info] : Printing process env attributes : localhost, ecommerce, postgres, postgres,  postgres
2022-03-25T16:03:54.257Z : [info] : Connecting to DB...
2022-03-25T16:03:54.324Z : [info] : ecommerce connected.
2022-03-25T16:04:34.107Z : [info] : Printing process env attributes : localhost, ecommerce, postgres, postgres,  postgres
2022-03-25T16:04:34.108Z : [info] : Connecting to DB...
2022-03-25T16:04:34.190Z : [info] : ecommerce connected.
2022-03-25T16:05:50.548Z : [info] : Printing process env attributes : localhost, ecommerce, postgres, postgres,  postgres
2022-03-25T16:05:50.549Z : [info] : Connecting to DB...
2022-03-25T16:05:50.616Z : [info] : ecommerce connected.
2022-03-25T16:06:06.817Z : [info] : Printing process env attributes : localhost, ecommerce, postgres, postgres,  postgres
2022-03-25T16:06:06.818Z : [info] : Connecting to DB...
2022-03-25T16:06:06.887Z : [info] : ecommerce connected.
2022-03-25T16:06:12.540Z : [info] : user status for user 1 not changed
2022-03-25T16:06:34.523Z : [info] : user status changed to 1 for user 1
2022-03-25T16:06:41.820Z : [info] : User get data by id 1 results: {"userId":1,"firstName":"bhavna","lastName":"tahelyani","mobileNumber":"9016108187","admin":"1","password":"pass","email":"bhavnatahlyani288@gmail.com","status":1,"createByIp":"192.168.23.65","updateByIp":"192.168.23.65","createdAt":"2022-03-25T15:48:57.514Z","updatedAt":"2022-03-25T16:06:34.326Z"} 
2022-03-25T16:09:19.687Z : [info] : Printing process env attributes : localhost, ecommerce, postgres, postgres,  postgres
2022-03-25T16:09:19.688Z : [info] : Connecting to DB...
2022-03-25T16:09:19.760Z : [info] : ecommerce connected.
2022-03-25T16:09:45.701Z : [info] : Printing process env attributes : localhost, ecommerce, postgres, postgres,  postgres
2022-03-25T16:09:45.702Z : [info] : Connecting to DB...
2022-03-25T16:09:45.769Z : [info] : ecommerce connected.
2022-03-25T16:10:17.197Z : [info] : Printing process env attributes : localhost, ecommerce, postgres, postgres,  postgres
2022-03-25T16:10:17.198Z : [info] : Connecting to DB...
2022-03-25T16:10:17.265Z : [info] : ecommerce connected.
2022-03-25T16:11:32.607Z : [info] : Printing process env attributes : localhost, ecommerce, postgres, postgres,  postgres
2022-03-25T16:11:32.608Z : [info] : Connecting to DB...
2022-03-25T16:11:32.674Z : [info] : ecommerce connected.
2022-03-25T16:11:55.538Z : [info] : Printing process env attributes : localhost, ecommerce, postgres, postgres,  postgres
2022-03-25T16:11:55.539Z : [info] : Connecting to DB...
2022-03-25T16:11:55.606Z : [info] : ecommerce connected.
2022-03-25T16:11:56.910Z : [info] : Printing process env attributes : localhost, ecommerce, postgres, postgres,  postgres
2022-03-25T16:11:56.911Z : [info] : Connecting to DB...
2022-03-25T16:11:56.980Z : [info] : ecommerce connected.
2022-03-25T16:12:58.058Z : [info] : Printing process env attributes : localhost, ecommerce, postgres, postgres,  postgres
2022-03-25T16:12:58.059Z : [info] : Connecting to DB...
2022-03-25T16:12:58.128Z : [info] : ecommerce connected.
2022-03-25T16:14:27.236Z : [info] : Printing process env attributes : localhost, ecommerce, postgres, postgres,  postgres
2022-03-25T16:14:27.237Z : [info] : Connecting to DB...
2022-03-25T16:14:27.305Z : [info] : ecommerce connected.
2022-03-25T16:14:31.125Z : [info] : Printing process env attributes : localhost, ecommerce, postgres, postgres,  postgres
2022-03-25T16:14:31.126Z : [info] : Connecting to DB...
2022-03-25T16:14:31.193Z : [info] : ecommerce connected.
2022-03-25T16:15:07.112Z : [info] : Printing process env attributes : localhost, ecommerce, postgres, postgres,  postgres
2022-03-25T16:15:07.113Z : [info] : Connecting to DB...
2022-03-25T16:15:07.179Z : [info] : ecommerce connected.
2022-03-25T16:15:14.693Z : [info] : Printing process env attributes : localhost, ecommerce, postgres, postgres,  postgres
2022-03-25T16:15:14.694Z : [info] : Connecting to DB...
2022-03-25T16:15:14.763Z : [info] : ecommerce connected.
2022-03-25T16:15:26.872Z : [info] : Printing process env attributes : localhost, ecommerce, postgres, postgres,  postgres
2022-03-25T16:15:26.873Z : [info] : Connecting to DB...
2022-03-25T16:15:26.972Z : [info] : ecommerce connected.
2022-03-25T16:15:37.049Z : [info] : Printing process env attributes : localhost, ecommerce, postgres, postgres,  postgres
2022-03-25T16:15:37.050Z : [info] : Connecting to DB...
2022-03-25T16:15:37.125Z : [info] : ecommerce connected.
2022-03-25T16:15:39.494Z : [info] : Printing process env attributes : localhost, ecommerce, postgres, postgres,  postgres
2022-03-25T16:15:39.495Z : [info] : Connecting to DB...
2022-03-25T16:15:39.563Z : [info] : ecommerce connected.
2022-03-25T16:15:41.992Z : [info] : Printing process env attributes : localhost, ecommerce, postgres, postgres,  postgres
2022-03-25T16:15:41.992Z : [info] : Connecting to DB...
2022-03-25T16:15:42.059Z : [info] : ecommerce connected.
2022-03-25T16:16:31.777Z : [info] : Printing process env attributes : localhost, ecommerce, postgres, postgres,  postgres
2022-03-25T16:16:31.778Z : [info] : Connecting to DB...
2022-03-25T16:16:31.846Z : [info] : ecommerce connected.
2022-03-25T16:18:03.213Z : [info] : Printing process env attributes : localhost, ecommerce, postgres, postgres,  postgres
2022-03-25T16:18:03.214Z : [info] : Connecting to DB...
2022-03-25T16:18:03.281Z : [info] : ecommerce connected.
2022-03-25T16:18:29.246Z : [info] : Printing process env attributes : localhost, ecommerce, postgres, postgres,  postgres
2022-03-25T16:18:29.246Z : [info] : Connecting to DB...
2022-03-25T16:18:29.316Z : [info] : ecommerce connected.
2022-03-25T16:18:41.076Z : [info] : Printing process env attributes : localhost, ecommerce, postgres, postgres,  postgres
2022-03-25T16:18:41.077Z : [info] : Connecting to DB...
2022-03-25T16:18:41.143Z : [info] : ecommerce connected.
2022-03-25T16:19:37.893Z : [info] : Printing process env attributes : localhost, ecommerce, postgres, postgres,  postgres
2022-03-25T16:19:37.894Z : [info] : Connecting to DB...
2022-03-25T16:19:37.960Z : [info] : ecommerce connected.
2022-03-25T16:20:18.505Z : [info] : Printing process env attributes : localhost, ecommerce, postgres, postgres,  postgres
2022-03-25T16:20:18.506Z : [info] : Connecting to DB...
2022-03-25T16:20:18.591Z : [info] : ecommerce connected.
2022-03-25T16:20:23.707Z : [info] : Printing process env attributes : localhost, ecommerce, postgres, postgres,  postgres
2022-03-25T16:20:23.708Z : [info] : Connecting to DB...
2022-03-25T16:20:23.781Z : [info] : ecommerce connected.
2022-03-25T16:20:31.172Z : [info] : Printing process env attributes : localhost, ecommerce, postgres, postgres,  postgres
2022-03-25T16:20:31.172Z : [info] : Connecting to DB...
2022-03-25T16:20:31.243Z : [info] : ecommerce connected.
2022-03-25T16:20:40.990Z : [info] : Printing process env attributes : localhost, ecommerce, postgres, postgres,  postgres
2022-03-25T16:20:40.991Z : [info] : Connecting to DB...
2022-03-25T16:20:41.059Z : [info] : ecommerce connected.
2022-03-25T16:21:26.206Z : [info] : Printing process env attributes : localhost, ecommerce, postgres, postgres,  postgres
2022-03-25T16:21:26.207Z : [info] : Connecting to DB...
2022-03-25T16:21:26.277Z : [info] : ecommerce connected.
2022-03-25T16:21:31.809Z : [info] : Printing process env attributes : localhost, ecommerce, postgres, postgres,  postgres
2022-03-25T16:21:31.810Z : [info] : Connecting to DB...
2022-03-25T16:21:31.880Z : [info] : ecommerce connected.
2022-03-25T16:21:38.257Z : [info] : Printing process env attributes : localhost, ecommerce, postgres, postgres,  postgres
2022-03-25T16:21:38.258Z : [info] : Connecting to DB...
2022-03-25T16:21:38.325Z : [info] : ecommerce connected.
2022-03-25T16:24:31.585Z : [info] : Printing process env attributes : localhost, ecommerce, postgres, postgres,  postgres
2022-03-25T16:24:31.586Z : [info] : Connecting to DB...
2022-03-25T16:24:31.658Z : [info] : ecommerce connected.
2022-03-25T16:25:19.397Z : [info] : Printing process env attributes : localhost, ecommerce, postgres, postgres,  postgres
2022-03-25T16:25:19.398Z : [info] : Connecting to DB...
2022-03-25T16:25:19.482Z : [info] : ecommerce connected.
2022-03-25T16:25:46.239Z : [info] : Printing process env attributes : localhost, ecommerce, postgres, postgres,  postgres
2022-03-25T16:25:46.240Z : [info] : Connecting to DB...
2022-03-25T16:25:46.316Z : [info] : ecommerce connected.
2022-03-25T16:27:22.676Z : [info] : Printing process env attributes : localhost, ecommerce, postgres, postgres,  postgres
2022-03-25T16:27:22.677Z : [info] : Connecting to DB...
2022-03-25T16:27:22.751Z : [info] : ecommerce connected.
2022-03-25T16:30:19.284Z : [info] : Printing process env attributes : localhost, ecommerce, postgres, postgres,  postgres
2022-03-25T16:30:19.285Z : [info] : Connecting to DB...
2022-03-25T16:30:19.358Z : [info] : ecommerce connected.
2022-03-25T16:30:25.509Z : [info] : Printing process env attributes : localhost, ecommerce, postgres, postgres,  postgres
2022-03-25T16:30:25.510Z : [info] : Connecting to DB...
2022-03-25T16:30:25.591Z : [info] : ecommerce connected.
2022-03-25T16:31:02.594Z : [info] : Printing process env attributes : localhost, ecommerce, postgres, postgres,  postgres
2022-03-25T16:31:02.595Z : [info] : Connecting to DB...
2022-03-25T16:31:02.663Z : [info] : ecommerce connected.
2022-03-25T16:31:07.518Z : [info] : Printing process env attributes : localhost, ecommerce, postgres, postgres,  postgres
2022-03-25T16:31:07.519Z : [info] : Connecting to DB...
2022-03-25T16:31:07.610Z : [info] : ecommerce connected.
2022-03-25T16:31:48.062Z : [info] : Printing process env attributes : localhost, ecommerce, postgres, postgres,  postgres
2022-03-25T16:31:48.063Z : [info] : Connecting to DB...
2022-03-25T16:31:48.134Z : [info] : ecommerce connected.
2022-03-25T16:31:56.856Z : [info] : Printing process env attributes : localhost, ecommerce, postgres, postgres,  postgres
2022-03-25T16:31:56.857Z : [info] : Connecting to DB...
2022-03-25T16:31:56.926Z : [info] : ecommerce connected.
2022-03-25T16:33:12.346Z : [info] : Printing process env attributes : localhost, ecommerce, postgres, postgres,  postgres
2022-03-25T16:33:12.347Z : [info] : Connecting to DB...
2022-03-25T16:33:12.414Z : [info] : ecommerce connected.
2022-03-25T16:33:25.674Z : [info] : Printing process env attributes : localhost, ecommerce, postgres, postgres,  postgres
2022-03-25T16:33:25.675Z : [info] : Connecting to DB...
2022-03-25T16:33:25.743Z : [info] : ecommerce connected.
2022-03-25T16:33:29.982Z : [info] : Printing process env attributes : localhost, ecommerce, postgres, postgres,  postgres
2022-03-25T16:33:29.983Z : [info] : Connecting to DB...
2022-03-25T16:33:30.049Z : [info] : ecommerce connected.
2022-03-25T16:33:35.023Z : [info] : Printing process env attributes : localhost, ecommerce, postgres, postgres,  postgres
2022-03-25T16:33:35.025Z : [info] : Connecting to DB...
2022-03-25T16:33:35.113Z : [info] : ecommerce connected.
2022-03-25T16:34:11.304Z : [info] : Printing process env attributes : localhost, ecommerce, postgres, postgres,  postgres
2022-03-25T16:34:11.305Z : [info] : Connecting to DB...
2022-03-25T16:34:11.375Z : [info] : ecommerce connected.
2022-03-25T16:34:19.752Z : [info] : Printing process env attributes : localhost, ecommerce, postgres, postgres,  postgres
2022-03-25T16:34:19.753Z : [info] : Connecting to DB...
2022-03-25T16:34:19.830Z : [info] : ecommerce connected.
2022-03-25T16:34:29.709Z : [info] : Printing process env attributes : localhost, ecommerce, postgres, postgres,  postgres
2022-03-25T16:34:29.710Z : [info] : Connecting to DB...
2022-03-25T16:34:29.778Z : [info] : ecommerce connected.
2022-03-25T16:34:36.206Z : [info] : Printing process env attributes : localhost, ecommerce, postgres, postgres,  postgres
2022-03-25T16:34:36.207Z : [info] : Connecting to DB...
2022-03-25T16:34:36.277Z : [info] : ecommerce connected.
2022-03-25T16:35:12.447Z : [info] : Printing process env attributes : localhost, ecommerce, postgres, postgres,  postgres
2022-03-25T16:35:12.448Z : [info] : Connecting to DB...
2022-03-25T16:35:12.518Z : [info] : ecommerce connected.
2022-03-25T16:36:01.089Z : [info] : Printing process env attributes : localhost, ecommerce, postgres, postgres,  postgres
2022-03-25T16:36:01.090Z : [info] : Connecting to DB...
2022-03-25T16:36:01.159Z : [info] : ecommerce connected.
2022-03-25T16:36:25.770Z : [info] : Printing process env attributes : localhost, ecommerce, postgres, postgres,  postgres
2022-03-25T16:36:25.771Z : [info] : Connecting to DB...
2022-03-25T16:36:25.837Z : [info] : ecommerce connected.
2022-03-25T16:44:32.028Z : [info] : Printing process env attributes : localhost, ecommerce, postgres, postgres,  postgres
2022-03-25T16:44:32.029Z : [info] : Connecting to DB...
2022-03-25T16:44:32.113Z : [info] : ecommerce connected.
2022-03-25T16:44:38.168Z : [info] : API Key matched
2022-03-25T16:44:38.176Z : [info] : User get data by id 1 results: {"userId":1,"firstName":"bhavna","lastName":"tahelyani","mobileNumber":"9016108187","admin":"1","password":"pass","email":"bhavnatahlyani288@gmail.com","status":1,"createByIp":"192.168.23.65","updateByIp":"192.168.23.65","createdAt":"2022-03-25T15:48:57.514Z","updatedAt":"2022-03-25T16:06:34.326Z"} 
2022-03-25T16:44:41.722Z : [info] : API Key matched
2022-03-25T16:44:41.731Z : [info] : User get data [{"userId":1,"firstName":"bhavna","lastName":"tahelyani","mobileNumber":"9016108187","admin":"1","password":"pass","email":"bhavnatahlyani288@gmail.com","status":1,"createByIp":"192.168.23.65","updateByIp":"192.168.23.65","createdAt":"2022-03-25T15:48:57.514Z","updatedAt":"2022-03-25T16:06:34.326Z"}] 
2022-03-25T16:44:54.003Z : [info] : API Key matched
2022-03-25T16:44:54.096Z : [info] : user data updated status: [1] for userid 1
2022-03-25T16:45:02.260Z : [info] : API Key matched
2022-03-25T16:45:02.262Z : [info] : user deleted by id 1 delete status: 1
2022-03-25T16:45:11.526Z : [info] : API Key matched
2022-03-25T16:45:11.530Z : [info] : user status for user 1 not changed
2022-03-25T17:28:05.982Z : [info] : Printing process env attributes : localhost, ecommerce, postgres, postgres,  postgres
2022-03-25T17:28:05.984Z : [info] : Connecting to DB...
2022-03-25T17:28:06.060Z : [info] : ecommerce connected.
2022-03-25T17:28:22.710Z : [info] : API Key matched
2022-03-25T17:28:22.794Z : [info] : countryMaster get data [] 
2022-03-25T17:28:29.619Z : [info] : API Key matched
2022-03-25T20:59:41.564Z : [info] : Printing process env attributes : localhost, ecommerce, postgres, postgres,  postgres
2022-03-25T20:59:41.565Z : [info] : Connecting to DB...
2022-03-25T20:59:41.635Z : [info] : ecommerce connected.
2022-03-26T07:19:26.270Z : [info] : Printing process env attributes : localhost, ecommerce, postgres, postgres,  postgres
2022-03-26T07:19:26.272Z : [info] : Connecting to DB...
2022-03-26T07:19:26.917Z : [info] : ecommerce connected.
2022-03-26T07:20:37.393Z : [info] : API Key matched
2022-03-26T07:20:38.960Z : [info] : Printing process env attributes : localhost, ecommerce, postgres, postgres,  postgres
2022-03-26T07:20:38.961Z : [info] : Connecting to DB...
2022-03-26T07:20:39.209Z : [info] : ecommerce connected.
2022-03-26T07:20:43.600Z : [info] : API Key matched
2022-03-26T07:20:45.253Z : [info] : Printing process env attributes : localhost, ecommerce, postgres, postgres,  postgres
2022-03-26T07:20:45.255Z : [info] : Connecting to DB...
2022-03-26T07:20:45.466Z : [info] : ecommerce connected.
2022-03-26T07:21:34.623Z : [info] : API Key matched
2022-03-26T07:21:36.300Z : [info] : Printing process env attributes : localhost, ecommerce, postgres, postgres,  postgres
2022-03-26T07:21:36.303Z : [info] : Connecting to DB...
2022-03-26T07:21:36.485Z : [info] : ecommerce connected.
2022-03-26T07:21:39.465Z : [info] : API Key matched
2022-03-26T07:21:41.082Z : [info] : Printing process env attributes : localhost, ecommerce, postgres, postgres,  postgres
2022-03-26T07:21:41.083Z : [info] : Connecting to DB...
2022-03-26T07:21:41.193Z : [info] : ecommerce connected.
2022-03-26T07:21:44.590Z : [info] : API Key matched
2022-03-26T07:21:45.699Z : [info] : Printing process env attributes : localhost, ecommerce, postgres, postgres,  postgres
2022-03-26T07:21:45.700Z : [info] : Connecting to DB...
2022-03-26T07:21:45.797Z : [info] : ecommerce connected.
2022-03-26T07:21:50.441Z : [info] : API Key matched
2022-03-26T07:21:51.801Z : [info] : Printing process env attributes : localhost, ecommerce, postgres, postgres,  postgres
2022-03-26T07:21:51.802Z : [info] : Connecting to DB...
2022-03-26T07:21:51.920Z : [info] : ecommerce connected.
2022-03-26T07:21:58.445Z : [info] : API Key matched
2022-03-26T07:21:59.801Z : [info] : Printing process env attributes : localhost, ecommerce, postgres, postgres,  postgres
2022-03-26T07:21:59.804Z : [info] : Connecting to DB...
2022-03-26T07:22:00.035Z : [info] : ecommerce connected.
2022-03-26T07:23:32.230Z : [info] : Printing process env attributes : localhost, ecommerce, postgres, postgres,  postgres
2022-03-26T07:23:32.234Z : [info] : Connecting to DB...
2022-03-26T07:23:32.747Z : [info] : ecommerce connected.
2022-03-26T07:23:47.309Z : [info] : Printing process env attributes : localhost, ecommerce, postgres, postgres,  postgres
2022-03-26T07:23:47.311Z : [info] : Connecting to DB...
2022-03-26T07:23:47.489Z : [info] : ecommerce connected.
2022-03-26T07:23:52.319Z : [info] : API Key matched
2022-03-26T07:23:53.853Z : [info] : Printing process env attributes : localhost, ecommerce, postgres, postgres,  postgres
2022-03-26T07:23:53.855Z : [info] : Connecting to DB...
2022-03-26T07:23:54.043Z : [info] : ecommerce connected.
2022-03-26T07:24:52.143Z : [info] : Printing process env attributes : localhost, ecommerce, postgres, postgres,  postgres
2022-03-26T07:24:52.146Z : [info] : Connecting to DB...
2022-03-26T07:24:52.363Z : [info] : ecommerce connected.
2022-03-26T07:24:57.088Z : [info] : API Key matched
